Using pre-set license
Built from '2020.2/release' branch; Version is '2020.2.1f1 (270dd8c3da1c) revision 2559448'; Using compiler version '192528614'; Build Type 'Release'
OS: 'Windows 10  (10.0.0) 64bit' Language: 'en' Physical Memory: 32715 MB
BatchMode: 1, IsHumanControllingUs: 0, StartBugReporterOnCrash: 0, Is64bit: 1, IsPro: 0

 COMMAND LINE ARGUMENTS:
C:\Program Files\2020.2.1f1\Editor\Unity.exe
-adb2
-batchMode
-noUpm
-name
AssetImportWorker0
-projectPath
E:/Unity/LastGameJam
-logFile
Logs/AssetImportWorker0.log
-srvPort
59775
Successfully changed project path to: E:/Unity/LastGameJam
E:/Unity/LastGameJam
Using Asset Import Pipeline V2.
Refreshing native plugins compatible for Editor in 29.13 ms, found 0 plugins.
Preloading 0 native plugins for Editor in 0.00 ms.
Initialize engine version: 2020.2.1f1 (270dd8c3da1c)
[Subsystems] Discovering subsystems at path C:/Program Files/2020.2.1f1/Editor/Data/Resources/UnitySubsystems
[Subsystems] Discovering subsystems at path E:/Unity/LastGameJam/Assets
GfxDevice: creating device client; threaded=0
Direct3D:
    Version:  Direct3D 11.0 [level 11.1]
    Renderer: NVIDIA GeForce RTX 2070 SUPER (ID=0x1e84)
    Vendor:   
    VRAM:     8011 MB
    Driver:   27.21.14.5671
Initialize mono
Mono path[0] = 'C:/Program Files/2020.2.1f1/Editor/Data/Managed'
Mono path[1] = 'C:/Program Files/2020.2.1f1/Editor/Data/MonoBleedingEdge/lib/mono/unityjit'
Mono config path = 'C:/Program Files/2020.2.1f1/Editor/Data/MonoBleedingEdge/etc'
Using monoOptions --debugger-agent=transport=dt_socket,embedding=1,server=y,suspend=n,address=127.0.0.1:56340
Begin MonoManager ReloadAssembly
Registering precompiled unity dll's ...
Register platform support module: C:/Program Files/2020.2.1f1/Editor/Data/PlaybackEngines/WebGLSupport/UnityEditor.WebGL.Extensions.dll
Register platform support module: C:/Program Files/2020.2.1f1/Editor/Data/PlaybackEngines/WindowsStandaloneSupport/UnityEditor.WindowsStandalone.Extensions.dll
Register platform support module: C:/Program Files/2020.2.1f1/Editor/Data/PlaybackEngines/LinuxStandaloneSupport/UnityEditor.LinuxStandalone.Extensions.dll
Registered in 0.001756 seconds.
Native extension for LinuxStandalone target not found
Native extension for WindowsStandalone target not found
Native extension for WebGL target not found
Refreshing native plugins compatible for Editor in 28.91 ms, found 0 plugins.
Preloading 0 native plugins for Editor in 0.00 ms.
Invoked RoslynAnalysisRunner static constructor.
RoslynAnalysisRunner will not be running.
RoslynAnalysisRunner has terminated.
Mono: successfully reloaded assembly
- Completed reload, in  0.948 seconds
Platform modules already initialized, skipping
Registering precompiled user dll's ...
Registered in 0.000800 seconds.
Begin MonoManager ReloadAssembly
Native extension for LinuxStandalone target not found
Native extension for WindowsStandalone target not found
Native extension for WebGL target not found
Refreshing native plugins compatible for Editor in 28.55 ms, found 0 plugins.
Preloading 0 native plugins for Editor in 0.00 ms.
Invoked RoslynAnalysisRunner static constructor.
RoslynAnalysisRunner will not be running.
RoslynAnalysisRunner has terminated.
Mono: successfully reloaded assembly
- Completed reload, in  0.729 seconds
Platform modules already initialized, skipping
========================================================================
Worker process is ready to serve import requests
Launched and connected shader compiler UnityShaderCompiler.exe after 0.04 seconds
Refreshing native plugins compatible for Editor in 0.37 ms, found 0 plugins.
Preloading 0 native plugins for Editor in 0.00 ms.
Unloading 1685 Unused Serialized files (Serialized files now loaded: 0)
System memory in use before: 95.3 MB.
System memory in use after: 95.3 MB.

Unloading 13 unused Assets to reduce memory usage. Loaded Objects now: 2146.
Total: 2.312700 ms (FindLiveObjects: 0.226000 ms CreateObjectMapping: 0.047900 ms MarkObjects: 1.960300 ms  DeleteObjects: 0.077300 ms)

========================================================================
Received Prepare
Refreshing native plugins compatible for Editor in 0.81 ms, found 0 plugins.
Preloading 0 native plugins for Editor in 0.00 ms.
Unloading 3 Unused Serialized files (Serialized files now loaded: 0)
System memory in use before: 59.5 MB.
System memory in use after: 59.6 MB.

Unloading 3 unused Assets to reduce memory usage. Loaded Objects now: 2146.
Total: 1.800200 ms (FindLiveObjects: 0.222400 ms CreateObjectMapping: 0.036000 ms MarkObjects: 1.500600 ms  DeleteObjects: 0.040600 ms)

========================================================================
Received Import Request.
  path: Assets/Scenes/Controls.unity
  artifactKey: Guid(1535977fbb31e0e4aa4ae2dac3a172a6) Importer(815301076,1909f56bfc062723c751e8b465ee728b)
Start importing Assets/Scenes/Controls.unity using Guid(1535977fbb31e0e4aa4ae2dac3a172a6) Importer(815301076,1909f56bfc062723c751e8b465ee728b)  -> (artifact id: '53eea161cbe622194c86e97a3acb36fd') in 0.013305 seconds
  Import took 0.016005 seconds .

========================================================================
Received Import Request.
  Time since last request: 0.002222 seconds.
  path: Assets/Scenes/Controls.unity
  artifactKey: Guid(1535977fbb31e0e4aa4ae2dac3a172a6) Importer(815301076,1909f56bfc062723c751e8b465ee728b)
Start importing Assets/Scenes/Controls.unity using Guid(1535977fbb31e0e4aa4ae2dac3a172a6) Importer(815301076,1909f56bfc062723c751e8b465ee728b)  -> (artifact id: '53eea161cbe622194c86e97a3acb36fd') in 0.002093 seconds
  Import took 0.004161 seconds .

========================================================================
Received Import Request.
  Time since last request: 17.561780 seconds.
  path: Assets/Scenes/Credits.unity
  artifactKey: Guid(0c4f12705e966b9488a21acd35b8c616) Importer(815301076,1909f56bfc062723c751e8b465ee728b)
Start importing Assets/Scenes/Credits.unity using Guid(0c4f12705e966b9488a21acd35b8c616) Importer(815301076,1909f56bfc062723c751e8b465ee728b)  -> (artifact id: 'd6cbfaee0526caa3f6b43314614bfba7') in 0.006672 seconds
  Import took 0.009290 seconds .

========================================================================
Received Import Request.
  Time since last request: 20.943111 seconds.
  path: Assets/Scenes/GameWin.unity
  artifactKey: Guid(2442429abfd14e54894b6109073648b8) Importer(815301076,1909f56bfc062723c751e8b465ee728b)
Start importing Assets/Scenes/GameWin.unity using Guid(2442429abfd14e54894b6109073648b8) Importer(815301076,1909f56bfc062723c751e8b465ee728b)  -> (artifact id: 'eb2835984d3e51a67f9e03e579f8a3ab') in 0.006882 seconds
  Import took 0.009645 seconds .

========================================================================
Received Import Request.
  Time since last request: 21.566085 seconds.
  path: Assets/Scenes/Game.unity
  artifactKey: Guid(4a59801a79b450e43a3203b64d3b443d) Importer(815301076,1909f56bfc062723c751e8b465ee728b)
Start importing Assets/Scenes/Game.unity using Guid(4a59801a79b450e43a3203b64d3b443d) Importer(815301076,1909f56bfc062723c751e8b465ee728b)  -> (artifact id: '7ea62c45a868c8cb5462f089e4dab8e8') in 0.006515 seconds
  Import took 0.009136 seconds .

========================================================================
Received Import Request.
  Time since last request: 3151.187324 seconds.
  path: Assets/Scenes/MainMenu.unity
  artifactKey: Guid(9fc0d4010bbf28b4594072e72b8655ab) Importer(815301076,1909f56bfc062723c751e8b465ee728b)
Start importing Assets/Scenes/MainMenu.unity using Guid(9fc0d4010bbf28b4594072e72b8655ab) Importer(815301076,1909f56bfc062723c751e8b465ee728b)  -> (artifact id: '0b57a2d12a7e9ae7b6920d5154745ee1') in 0.007188 seconds
  Import took 0.010110 seconds .

========================================================================
Received Import Request.
  Time since last request: 42.326049 seconds.
  path: Assets/Scenes/Controls.unity
  artifactKey: Guid(1535977fbb31e0e4aa4ae2dac3a172a6) Importer(815301076,1909f56bfc062723c751e8b465ee728b)
Start importing Assets/Scenes/Controls.unity using Guid(1535977fbb31e0e4aa4ae2dac3a172a6) Importer(815301076,1909f56bfc062723c751e8b465ee728b)  -> (artifact id: 'ce366ef44bd1fd3b4f5b25b821cd3048') in 0.002415 seconds
  Import took 0.004861 seconds .

========================================================================
Received Import Request.
  Time since last request: 158.549319 seconds.
  path: Assets/Scenes/Game.unity
  artifactKey: Guid(4a59801a79b450e43a3203b64d3b443d) Importer(815301076,1909f56bfc062723c751e8b465ee728b)
Start importing Assets/Scenes/Game.unity using Guid(4a59801a79b450e43a3203b64d3b443d) Importer(815301076,1909f56bfc062723c751e8b465ee728b)  -> (artifact id: '15ab468dbac5c38b99a7882b41958563') in 0.002573 seconds
  Import took 0.005106 seconds .

========================================================================
Received Import Request.
  Time since last request: 0.005831 seconds.
  path: Assets/Scenes/Game.unity
  artifactKey: Guid(4a59801a79b450e43a3203b64d3b443d) Importer(815301076,1909f56bfc062723c751e8b465ee728b)
Start importing Assets/Scenes/Game.unity using Guid(4a59801a79b450e43a3203b64d3b443d) Importer(815301076,1909f56bfc062723c751e8b465ee728b)  -> (artifact id: '15ab468dbac5c38b99a7882b41958563') in 0.001583 seconds
  Import took 0.003500 seconds .

========================================================================
Received Prepare
Registering precompiled user dll's ...
Registered in 0.000654 seconds.
Begin MonoManager ReloadAssembly
Native extension for LinuxStandalone target not found
Native extension for WindowsStandalone target not found
Native extension for WebGL target not found
Refreshing native plugins compatible for Editor in 0.40 ms, found 0 plugins.
Preloading 0 native plugins for Editor in 0.00 ms.
Invoked RoslynAnalysisRunner static constructor.
RoslynAnalysisRunner will not be running.
RoslynAnalysisRunner has terminated.
Mono: successfully reloaded assembly
- Completed reload, in  0.672 seconds
Platform modules already initialized, skipping
Refreshing native plugins compatible for Editor in 0.37 ms, found 0 plugins.
Preloading 0 native plugins for Editor in 0.00 ms.
Unloading 1637 Unused Serialized files (Serialized files now loaded: 0)
System memory in use before: 93.3 MB.
System memory in use after: 93.4 MB.

Unloading 6 unused Assets to reduce memory usage. Loaded Objects now: 2148.
Total: 1.792400 ms (FindLiveObjects: 0.207900 ms CreateObjectMapping: 0.036000 ms MarkObjects: 1.498400 ms  DeleteObjects: 0.049300 ms)

========================================================================
Received Import Request.
  Time since last request: 49.857334 seconds.
  path: Assets/Scripts/MoviesDoor.cs
  artifactKey: Guid(a8ba6303a426b6d478c69d01e489423b) Importer(815301076,1909f56bfc062723c751e8b465ee728b)
Start importing Assets/Scripts/MoviesDoor.cs using Guid(a8ba6303a426b6d478c69d01e489423b) Importer(815301076,1909f56bfc062723c751e8b465ee728b)  -> (artifact id: 'dd3cb55ff1de70d9a41d1b734f8099a3') in 0.026233 seconds
  Import took 0.028885 seconds .

========================================================================
Received Prepare
Registering precompiled user dll's ...
Registered in 0.000611 seconds.
Begin MonoManager ReloadAssembly
Native extension for LinuxStandalone target not found
Native extension for WindowsStandalone target not found
Native extension for WebGL target not found
Refreshing native plugins compatible for Editor in 0.37 ms, found 0 plugins.
Preloading 0 native plugins for Editor in 0.00 ms.
Invoked RoslynAnalysisRunner static constructor.
RoslynAnalysisRunner will not be running.
RoslynAnalysisRunner has terminated.
Mono: successfully reloaded assembly
- Completed reload, in  0.649 seconds
Platform modules already initialized, skipping
Refreshing native plugins compatible for Editor in 0.38 ms, found 0 plugins.
Preloading 0 native plugins for Editor in 0.00 ms.
Unloading 1638 Unused Serialized files (Serialized files now loaded: 0)
System memory in use before: 93.4 MB.
System memory in use after: 93.5 MB.

Unloading 6 unused Assets to reduce memory usage. Loaded Objects now: 2151.
Total: 2.019400 ms (FindLiveObjects: 0.187900 ms CreateObjectMapping: 0.039200 ms MarkObjects: 1.738100 ms  DeleteObjects: 0.053200 ms)

========================================================================
Received Prepare
Registering precompiled user dll's ...
Registered in 0.000656 seconds.
Begin MonoManager ReloadAssembly
Native extension for LinuxStandalone target not found
Native extension for WindowsStandalone target not found
Native extension for WebGL target not found
Refreshing native plugins compatible for Editor in 0.40 ms, found 0 plugins.
Preloading 0 native plugins for Editor in 0.00 ms.
Invoked RoslynAnalysisRunner static constructor.
RoslynAnalysisRunner will not be running.
RoslynAnalysisRunner has terminated.
Mono: successfully reloaded assembly
- Completed reload, in  0.711 seconds
Platform modules already initialized, skipping
Refreshing native plugins compatible for Editor in 0.39 ms, found 0 plugins.
Preloading 0 native plugins for Editor in 0.00 ms.
Unloading 1638 Unused Serialized files (Serialized files now loaded: 0)
System memory in use before: 93.4 MB.
System memory in use after: 93.5 MB.

Unloading 6 unused Assets to reduce memory usage. Loaded Objects now: 2153.
Total: 2.363800 ms (FindLiveObjects: 0.252300 ms CreateObjectMapping: 0.036700 ms MarkObjects: 2.008100 ms  DeleteObjects: 0.065800 ms)

========================================================================
Received Import Request.
  Time since last request: 855.072845 seconds.
  path: Assets/Scripts/MoviesDoor.cs
  artifactKey: Guid(a8ba6303a426b6d478c69d01e489423b) Importer(815301076,1909f56bfc062723c751e8b465ee728b)
Start importing Assets/Scripts/MoviesDoor.cs using Guid(a8ba6303a426b6d478c69d01e489423b) Importer(815301076,1909f56bfc062723c751e8b465ee728b)  -> (artifact id: 'd0828b75dbe71b5b76c5bac307336415') in 0.004571 seconds
  Import took 0.006934 seconds .

========================================================================
Received Prepare
Registering precompiled user dll's ...
Registered in 0.000623 seconds.
Begin MonoManager ReloadAssembly
Native extension for LinuxStandalone target not found
Native extension for WindowsStandalone target not found
Native extension for WebGL target not found
Refreshing native plugins compatible for Editor in 0.40 ms, found 0 plugins.
Preloading 0 native plugins for Editor in 0.00 ms.
Invoked RoslynAnalysisRunner static constructor.
RoslynAnalysisRunner will not be running.
RoslynAnalysisRunner has terminated.
Mono: successfully reloaded assembly
- Completed reload, in  0.700 seconds
Platform modules already initialized, skipping
Refreshing native plugins compatible for Editor in 0.43 ms, found 0 plugins.
Preloading 0 native plugins for Editor in 0.00 ms.
Unloading 1638 Unused Serialized files (Serialized files now loaded: 0)
System memory in use before: 93.4 MB.
System memory in use after: 93.5 MB.

Unloading 6 unused Assets to reduce memory usage. Loaded Objects now: 2155.
Total: 2.696300 ms (FindLiveObjects: 0.499400 ms CreateObjectMapping: 0.046800 ms MarkObjects: 2.082900 ms  DeleteObjects: 0.065900 ms)

========================================================================
Received Import Request.
  Time since last request: 75.513741 seconds.
  path: Assets/Scenes/GameWin.unity
  artifactKey: Guid(2442429abfd14e54894b6109073648b8) Importer(815301076,1909f56bfc062723c751e8b465ee728b)
Start importing Assets/Scenes/GameWin.unity using Guid(2442429abfd14e54894b6109073648b8) Importer(815301076,1909f56bfc062723c751e8b465ee728b)  -> (artifact id: 'ba0c001a43c71e95fdd812a8a605c8de') in 0.011284 seconds
  Import took 0.014062 seconds .

========================================================================
Received Prepare
Registering precompiled user dll's ...
Registered in 0.000712 seconds.
Begin MonoManager ReloadAssembly
Native extension for LinuxStandalone target not found
Native extension for WindowsStandalone target not found
Native extension for WebGL target not found
Refreshing native plugins compatible for Editor in 0.43 ms, found 0 plugins.
Preloading 0 native plugins for Editor in 0.00 ms.
Invoked RoslynAnalysisRunner static constructor.
RoslynAnalysisRunner will not be running.
RoslynAnalysisRunner has terminated.
Mono: successfully reloaded assembly
- Completed reload, in  0.685 seconds
Platform modules already initialized, skipping
Refreshing native plugins compatible for Editor in 0.40 ms, found 0 plugins.
Preloading 0 native plugins for Editor in 0.00 ms.
Unloading 1638 Unused Serialized files (Serialized files now loaded: 0)
System memory in use before: 93.4 MB.
System memory in use after: 93.5 MB.

Unloading 6 unused Assets to reduce memory usage. Loaded Objects now: 2157.
Total: 2.350500 ms (FindLiveObjects: 0.228400 ms CreateObjectMapping: 0.042500 ms MarkObjects: 2.017500 ms  DeleteObjects: 0.060900 ms)

========================================================================
Received Import Request.
  Time since last request: 7.240439 seconds.
  path: Assets/Scenes/Game.unity
  artifactKey: Guid(4a59801a79b450e43a3203b64d3b443d) Importer(815301076,1909f56bfc062723c751e8b465ee728b)
Start importing Assets/Scenes/Game.unity using Guid(4a59801a79b450e43a3203b64d3b443d) Importer(815301076,1909f56bfc062723c751e8b465ee728b)  -> (artifact id: '5cad21af51876a3f059556b0ca6569f4') in 0.012996 seconds
  Import took 0.015664 seconds .

========================================================================
Received Prepare
Registering precompiled user dll's ...
Registered in 0.000626 seconds.
Begin MonoManager ReloadAssembly
Native extension for LinuxStandalone target not found
Native extension for WindowsStandalone target not found
Native extension for WebGL target not found
Refreshing native plugins compatible for Editor in 0.37 ms, found 0 plugins.
Preloading 0 native plugins for Editor in 0.00 ms.
Invoked RoslynAnalysisRunner static constructor.
RoslynAnalysisRunner will not be running.
RoslynAnalysisRunner has terminated.
Mono: successfully reloaded assembly
- Completed reload, in  0.650 seconds
Platform modules already initialized, skipping
Refreshing native plugins compatible for Editor in 0.37 ms, found 0 plugins.
Preloading 0 native plugins for Editor in 0.00 ms.
Unloading 1638 Unused Serialized files (Serialized files now loaded: 0)
System memory in use before: 93.5 MB.
System memory in use after: 93.5 MB.

Unloading 6 unused Assets to reduce memory usage. Loaded Objects now: 2159.
Total: 1.898800 ms (FindLiveObjects: 0.212300 ms CreateObjectMapping: 0.039700 ms MarkObjects: 1.591300 ms  DeleteObjects: 0.054700 ms)

========================================================================
Received Prepare
Registering precompiled user dll's ...
Registered in 0.000772 seconds.
Begin MonoManager ReloadAssembly
Native extension for LinuxStandalone target not found
Native extension for WindowsStandalone target not found
Native extension for WebGL target not found
Refreshing native plugins compatible for Editor in 0.40 ms, found 0 plugins.
Preloading 0 native plugins for Editor in 0.00 ms.
Invoked RoslynAnalysisRunner static constructor.
RoslynAnalysisRunner will not be running.
RoslynAnalysisRunner has terminated.
Mono: successfully reloaded assembly
- Completed reload, in  0.698 seconds
Platform modules already initialized, skipping
Refreshing native plugins compatible for Editor in 0.41 ms, found 0 plugins.
Preloading 0 native plugins for Editor in 0.00 ms.
Unloading 1638 Unused Serialized files (Serialized files now loaded: 0)
System memory in use before: 93.5 MB.
System memory in use after: 93.6 MB.

Unloading 6 unused Assets to reduce memory usage. Loaded Objects now: 2161.
Total: 1.960600 ms (FindLiveObjects: 0.222300 ms CreateObjectMapping: 0.040900 ms MarkObjects: 1.645000 ms  DeleteObjects: 0.051600 ms)

========================================================================
Received Prepare
Registering precompiled user dll's ...
Registered in 0.000578 seconds.
Begin MonoManager ReloadAssembly
Native extension for LinuxStandalone target not found
Native extension for WindowsStandalone target not found
Native extension for WebGL target not found
Refreshing native plugins compatible for Editor in 0.37 ms, found 0 plugins.
Preloading 0 native plugins for Editor in 0.00 ms.
Invoked RoslynAnalysisRunner static constructor.
RoslynAnalysisRunner will not be running.
RoslynAnalysisRunner has terminated.
Mono: successfully reloaded assembly
- Completed reload, in  0.653 seconds
Platform modules already initialized, skipping
Refreshing native plugins compatible for Editor in 0.38 ms, found 0 plugins.
Preloading 0 native plugins for Editor in 0.00 ms.
Unloading 1638 Unused Serialized files (Serialized files now loaded: 0)
System memory in use before: 93.4 MB.
System memory in use after: 93.5 MB.

Unloading 6 unused Assets to reduce memory usage. Loaded Objects now: 2163.
Total: 2.215400 ms (FindLiveObjects: 0.212100 ms CreateObjectMapping: 0.036400 ms MarkObjects: 1.914700 ms  DeleteObjects: 0.051000 ms)

========================================================================
Received Import Request.
  Time since last request: 1566.441775 seconds.
  path: Assets/Scripts/MoviesDoor.cs
  artifactKey: Guid(a8ba6303a426b6d478c69d01e489423b) Importer(815301076,1909f56bfc062723c751e8b465ee728b)
Start importing Assets/Scripts/MoviesDoor.cs using Guid(a8ba6303a426b6d478c69d01e489423b) Importer(815301076,1909f56bfc062723c751e8b465ee728b)  -> (artifact id: '61c23abbafd54fb637108e9b8f36419c') in 0.004612 seconds
  Import took 0.007391 seconds .

========================================================================
Received Import Request.
  Time since last request: 0.000418 seconds.
  path: Assets/Scripts/MoviesDoor.cs
  artifactKey: Guid(a8ba6303a426b6d478c69d01e489423b) Importer(815301076,1909f56bfc062723c751e8b465ee728b)
Start importing Assets/Scripts/MoviesDoor.cs using Guid(a8ba6303a426b6d478c69d01e489423b) Importer(815301076,1909f56bfc062723c751e8b465ee728b)  -> (artifact id: '61c23abbafd54fb637108e9b8f36419c') in 0.001686 seconds
  Import took 0.004070 seconds .

========================================================================
Received Import Request.
  Time since last request: 1.282131 seconds.
  path: Assets/Scripts/MoviesDoor1.cs
  artifactKey: Guid(5a4e5808fea2a8e48ad7c5fc191e5558) Importer(815301076,1909f56bfc062723c751e8b465ee728b)
Start importing Assets/Scripts/MoviesDoor1.cs using Guid(5a4e5808fea2a8e48ad7c5fc191e5558) Importer(815301076,1909f56bfc062723c751e8b465ee728b)  -> (artifact id: 'ab09b56403f8def9dd4da117a59e1acb') in 0.006510 seconds
  Import took 0.009207 seconds .

========================================================================
Received Import Request.
  Time since last request: 14.326353 seconds.
  path: Assets/Scripts/BooksDoor.cs
  artifactKey: Guid(5a4e5808fea2a8e48ad7c5fc191e5558) Importer(815301076,1909f56bfc062723c751e8b465ee728b)
Start importing Assets/Scripts/BooksDoor.cs using Guid(5a4e5808fea2a8e48ad7c5fc191e5558) Importer(815301076,1909f56bfc062723c751e8b465ee728b)  -> (artifact id: '3b79a818ba966e14e904394cadec33aa') in 0.006449 seconds
  Import took 0.009235 seconds .

========================================================================
Received Prepare
Registering precompiled user dll's ...
Registered in 0.000595 seconds.
Begin MonoManager ReloadAssembly
Native extension for LinuxStandalone target not found
Native extension for WindowsStandalone target not found
Native extension for WebGL target not found
Refreshing native plugins compatible for Editor in 0.37 ms, found 0 plugins.
Preloading 0 native plugins for Editor in 0.00 ms.
Invoked RoslynAnalysisRunner static constructor.
RoslynAnalysisRunner will not be running.
RoslynAnalysisRunner has terminated.
Mono: successfully reloaded assembly
- Completed reload, in  0.635 seconds
Platform modules already initialized, skipping
Refreshing native plugins compatible for Editor in 0.44 ms, found 0 plugins.
Preloading 0 native plugins for Editor in 0.00 ms.
Unloading 1639 Unused Serialized files (Serialized files now loaded: 0)
System memory in use before: 93.5 MB.
System memory in use after: 93.6 MB.

Unloading 6 unused Assets to reduce memory usage. Loaded Objects now: 2166.
Total: 2.317700 ms (FindLiveObjects: 0.324100 ms CreateObjectMapping: 0.037500 ms MarkObjects: 1.899700 ms  DeleteObjects: 0.055400 ms)

========================================================================
Received Import Request.
  Time since last request: 30.068243 seconds.
  path: Assets/Scripts/BooksDoor.cs
  artifactKey: Guid(5a4e5808fea2a8e48ad7c5fc191e5558) Importer(815301076,1909f56bfc062723c751e8b465ee728b)
Start importing Assets/Scripts/BooksDoor.cs using Guid(5a4e5808fea2a8e48ad7c5fc191e5558) Importer(815301076,1909f56bfc062723c751e8b465ee728b)  -> (artifact id: '304a4c01a24ea2defeef2fd08d078193') in 0.004644 seconds
  Import took 0.006948 seconds .

========================================================================
Received Prepare
Registering precompiled user dll's ...
Registered in 0.000623 seconds.
Begin MonoManager ReloadAssembly
Native extension for LinuxStandalone target not found
Native extension for WindowsStandalone target not found
Native extension for WebGL target not found
Refreshing native plugins compatible for Editor in 0.36 ms, found 0 plugins.
Preloading 0 native plugins for Editor in 0.00 ms.
Invoked RoslynAnalysisRunner static constructor.
RoslynAnalysisRunner will not be running.
RoslynAnalysisRunner has terminated.
Mono: successfully reloaded assembly
- Completed reload, in  0.632 seconds
Platform modules already initialized, skipping
Refreshing native plugins compatible for Editor in 0.37 ms, found 0 plugins.
Preloading 0 native plugins for Editor in 0.00 ms.
Unloading 1639 Unused Serialized files (Serialized files now loaded: 0)
System memory in use before: 93.5 MB.
System memory in use after: 93.6 MB.

Unloading 6 unused Assets to reduce memory usage. Loaded Objects now: 2168.
Total: 2.265500 ms (FindLiveObjects: 0.317700 ms CreateObjectMapping: 0.038000 ms MarkObjects: 1.856000 ms  DeleteObjects: 0.052800 ms)

========================================================================
Received Import Request.
  Time since last request: 46.800443 seconds.
  path: Assets/Scenes/GameWin.unity
  artifactKey: Guid(2442429abfd14e54894b6109073648b8) Importer(815301076,1909f56bfc062723c751e8b465ee728b)
Start importing Assets/Scenes/GameWin.unity using Guid(2442429abfd14e54894b6109073648b8) Importer(815301076,1909f56bfc062723c751e8b465ee728b)  -> (artifact id: '736d5923092c3f39f4461fec743a203e') in 0.013027 seconds
  Import took 0.015906 seconds .

========================================================================
Received Prepare
Registering precompiled user dll's ...
Registered in 0.000714 seconds.
Begin MonoManager ReloadAssembly
Native extension for LinuxStandalone target not found
Native extension for WindowsStandalone target not found
Native extension for WebGL target not found
Refreshing native plugins compatible for Editor in 0.37 ms, found 0 plugins.
Preloading 0 native plugins for Editor in 0.00 ms.
Invoked RoslynAnalysisRunner static constructor.
RoslynAnalysisRunner will not be running.
RoslynAnalysisRunner has terminated.
Mono: successfully reloaded assembly
- Completed reload, in  0.652 seconds
Platform modules already initialized, skipping
Refreshing native plugins compatible for Editor in 0.38 ms, found 0 plugins.
Preloading 0 native plugins for Editor in 0.00 ms.
Unloading 1639 Unused Serialized files (Serialized files now loaded: 0)
System memory in use before: 93.5 MB.
System memory in use after: 93.6 MB.

Unloading 6 unused Assets to reduce memory usage. Loaded Objects now: 2170.
Total: 2.370100 ms (FindLiveObjects: 0.210600 ms CreateObjectMapping: 0.038000 ms MarkObjects: 2.066200 ms  DeleteObjects: 0.054300 ms)

========================================================================
Received Prepare
Registering precompiled user dll's ...
Registered in 0.000634 seconds.
Begin MonoManager ReloadAssembly
Native extension for LinuxStandalone target not found
Native extension for WindowsStandalone target not found
Native extension for WebGL target not found
Refreshing native plugins compatible for Editor in 0.36 ms, found 0 plugins.
Preloading 0 native plugins for Editor in 0.00 ms.
Invoked RoslynAnalysisRunner static constructor.
RoslynAnalysisRunner will not be running.
RoslynAnalysisRunner has terminated.
Mono: successfully reloaded assembly
- Completed reload, in  0.658 seconds
Platform modules already initialized, skipping
Refreshing native plugins compatible for Editor in 0.37 ms, found 0 plugins.
Preloading 0 native plugins for Editor in 0.00 ms.
Unloading 1639 Unused Serialized files (Serialized files now loaded: 0)
System memory in use before: 93.5 MB.
System memory in use after: 93.6 MB.

Unloading 6 unused Assets to reduce memory usage. Loaded Objects now: 2172.
Total: 1.911500 ms (FindLiveObjects: 0.251100 ms CreateObjectMapping: 0.039900 ms MarkObjects: 1.571100 ms  DeleteObjects: 0.048400 ms)

========================================================================
Received Prepare
Registering precompiled user dll's ...
Registered in 0.000606 seconds.
Begin MonoManager ReloadAssembly
Native extension for LinuxStandalone target not found
Native extension for WindowsStandalone target not found
Native extension for WebGL target not found
Refreshing native plugins compatible for Editor in 0.39 ms, found 0 plugins.
Preloading 0 native plugins for Editor in 0.00 ms.
Invoked RoslynAnalysisRunner static constructor.
RoslynAnalysisRunner will not be running.
RoslynAnalysisRunner has terminated.
Mono: successfully reloaded assembly
- Completed reload, in  0.644 seconds
Platform modules already initialized, skipping
Refreshing native plugins compatible for Editor in 0.37 ms, found 0 plugins.
Preloading 0 native plugins for Editor in 0.00 ms.
Unloading 1639 Unused Serialized files (Serialized files now loaded: 0)
System memory in use before: 93.5 MB.
System memory in use after: 93.5 MB.

Unloading 6 unused Assets to reduce memory usage. Loaded Objects now: 2174.
Total: 2.206500 ms (FindLiveObjects: 0.212400 ms CreateObjectMapping: 0.034600 ms MarkObjects: 1.898500 ms  DeleteObjects: 0.059800 ms)

========================================================================
Received Prepare
Registering precompiled user dll's ...
Registered in 0.000638 seconds.
Begin MonoManager ReloadAssembly
Native extension for LinuxStandalone target not found
Native extension for WindowsStandalone target not found
Native extension for WebGL target not found
Refreshing native plugins compatible for Editor in 0.37 ms, found 0 plugins.
Preloading 0 native plugins for Editor in 0.00 ms.
Invoked RoslynAnalysisRunner static constructor.
RoslynAnalysisRunner will not be running.
RoslynAnalysisRunner has terminated.
Mono: successfully reloaded assembly
- Completed reload, in  0.636 seconds
Platform modules already initialized, skipping
Refreshing native plugins compatible for Editor in 0.40 ms, found 0 plugins.
Preloading 0 native plugins for Editor in 0.00 ms.
Unloading 1639 Unused Serialized files (Serialized files now loaded: 0)
System memory in use before: 93.5 MB.
System memory in use after: 93.6 MB.

Unloading 6 unused Assets to reduce memory usage. Loaded Objects now: 2176.
Total: 2.237600 ms (FindLiveObjects: 0.222200 ms CreateObjectMapping: 0.037100 ms MarkObjects: 1.924600 ms  DeleteObjects: 0.052800 ms)

========================================================================
Received Prepare
Registering precompiled user dll's ...
Registered in 0.000679 seconds.
Begin MonoManager ReloadAssembly
Native extension for LinuxStandalone target not found
Native extension for WindowsStandalone target not found
Native extension for WebGL target not found
Refreshing native plugins compatible for Editor in 0.38 ms, found 0 plugins.
Preloading 0 native plugins for Editor in 0.00 ms.
Invoked RoslynAnalysisRunner static constructor.
RoslynAnalysisRunner will not be running.
RoslynAnalysisRunner has terminated.
Mono: successfully reloaded assembly
- Completed reload, in  0.650 seconds
Platform modules already initialized, skipping
Refreshing native plugins compatible for Editor in 0.37 ms, found 0 plugins.
Preloading 0 native plugins for Editor in 0.00 ms.
Unloading 1639 Unused Serialized files (Serialized files now loaded: 0)
System memory in use before: 93.6 MB.
System memory in use after: 93.6 MB.

Unloading 6 unused Assets to reduce memory usage. Loaded Objects now: 2178.
Total: 2.225200 ms (FindLiveObjects: 0.259100 ms CreateObjectMapping: 0.042200 ms MarkObjects: 1.868200 ms  DeleteObjects: 0.054000 ms)

========================================================================
Received Prepare
Script is not up to date after domain reload: guid(1b8cc67507f231d4d888f55e5edd89bb) path("Assets/Scripts/BooksDoor1.cs") state(2)
Registering precompiled user dll's ...
Registered in 0.000653 seconds.
Begin MonoManager ReloadAssembly
Native extension for LinuxStandalone target not found
Native extension for WindowsStandalone target not found
Native extension for WebGL target not found
Refreshing native plugins compatible for Editor in 0.36 ms, found 0 plugins.
Preloading 0 native plugins for Editor in 0.00 ms.
Invoked RoslynAnalysisRunner static constructor.
RoslynAnalysisRunner will not be running.
RoslynAnalysisRunner has terminated.
Mono: successfully reloaded assembly
- Completed reload, in  0.660 seconds
Platform modules already initialized, skipping
Script is not up to date after domain reload: guid(1b8cc67507f231d4d888f55e5edd89bb) path("Assets/Scripts/BooksDoor1.cs") state(2)
Refreshing native plugins compatible for Editor in 0.37 ms, found 0 plugins.
Preloading 0 native plugins for Editor in 0.00 ms.
Unloading 1639 Unused Serialized files (Serialized files now loaded: 0)
System memory in use before: 93.5 MB.
System memory in use after: 93.6 MB.

Unloading 6 unused Assets to reduce memory usage. Loaded Objects now: 2180.
Total: 2.152100 ms (FindLiveObjects: 0.327900 ms CreateObjectMapping: 0.039000 ms MarkObjects: 1.730700 ms  DeleteObjects: 0.053700 ms)

========================================================================
Received Import Request.
  Time since last request: 445.591782 seconds.
  path: Assets/Scripts/BooksDoor1.cs
  artifactKey: Guid(1b8cc67507f231d4d888f55e5edd89bb) Importer(815301076,1909f56bfc062723c751e8b465ee728b)
Start importing Assets/Scripts/BooksDoor1.cs using Guid(1b8cc67507f231d4d888f55e5edd89bb) Importer(815301076,1909f56bfc062723c751e8b465ee728b)  -> (artifact id: 'f847ae22bbf0fe80de2e4dada39ca8f8') in 0.008603 seconds
  Import took 0.011254 seconds .

========================================================================
Received Import Request.
  Time since last request: 0.392959 seconds.
  path: Assets/Scripts/BooksDoor2.cs
  artifactKey: Guid(c9814f62cbf087a459bbe1a24af1c199) Importer(815301076,1909f56bfc062723c751e8b465ee728b)
Start importing Assets/Scripts/BooksDoor2.cs using Guid(c9814f62cbf087a459bbe1a24af1c199) Importer(815301076,1909f56bfc062723c751e8b465ee728b)  -> (artifact id: '84e743f7909b7eb6e8b29734bcd1bbc7') in 0.006552 seconds
  Import took 0.009349 seconds .

========================================================================
Received Import Request.
  Time since last request: 0.790681 seconds.
  path: Assets/Scripts/BooksDoor3.cs
  artifactKey: Guid(bb04a3daceb2fc54bb79feec25f9d45f) Importer(815301076,1909f56bfc062723c751e8b465ee728b)
Start importing Assets/Scripts/BooksDoor3.cs using Guid(bb04a3daceb2fc54bb79feec25f9d45f) Importer(815301076,1909f56bfc062723c751e8b465ee728b)  -> (artifact id: 'b487806063b99215000d50642d29d19d') in 0.005609 seconds
  Import took 0.008434 seconds .

========================================================================
Received Import Request.
  Time since last request: 0.694627 seconds.
  path: Assets/Scripts/BooksDoor4.cs
  artifactKey: Guid(64faaeb5026fd9a42b209e642709c490) Importer(815301076,1909f56bfc062723c751e8b465ee728b)
Start importing Assets/Scripts/BooksDoor4.cs using Guid(64faaeb5026fd9a42b209e642709c490) Importer(815301076,1909f56bfc062723c751e8b465ee728b)  -> (artifact id: 'abf227cc5123c56a2688c020c0e26f45') in 0.006487 seconds
  Import took 0.009351 seconds .

========================================================================
Received Import Request.
  Time since last request: 0.618164 seconds.
  path: Assets/Scripts/BooksDoor5.cs
  artifactKey: Guid(399d1e4b5a25d85478a50cf4db48b6ed) Importer(815301076,1909f56bfc062723c751e8b465ee728b)
Start importing Assets/Scripts/BooksDoor5.cs using Guid(399d1e4b5a25d85478a50cf4db48b6ed) Importer(815301076,1909f56bfc062723c751e8b465ee728b)  -> (artifact id: '3f23c573c07a1f17d05a808c1faacb84') in 0.006303 seconds
  Import took 0.009132 seconds .

========================================================================
Received Import Request.
  Time since last request: 0.607119 seconds.
  path: Assets/Scripts/BooksDoor6.cs
  artifactKey: Guid(0b687f09e89cb8741bd59a311e1c65ac) Importer(815301076,1909f56bfc062723c751e8b465ee728b)
Start importing Assets/Scripts/BooksDoor6.cs using Guid(0b687f09e89cb8741bd59a311e1c65ac) Importer(815301076,1909f56bfc062723c751e8b465ee728b)  -> (artifact id: 'b4858ee997100a015dd05fc2bc2ae09f') in 0.006821 seconds
  Import took 0.009661 seconds .

========================================================================
Received Import Request.
  Time since last request: 22.078810 seconds.
  path: Assets/Scripts/PizzaDoor.cs
  artifactKey: Guid(1b8cc67507f231d4d888f55e5edd89bb) Importer(815301076,1909f56bfc062723c751e8b465ee728b)
Start importing Assets/Scripts/PizzaDoor.cs using Guid(1b8cc67507f231d4d888f55e5edd89bb) Importer(815301076,1909f56bfc062723c751e8b465ee728b)  -> (artifact id: 'aeffaf920c2e8f7fada9dd12f13b4d70') in 0.005765 seconds
  Import took 0.008574 seconds .

========================================================================
Received Import Request.
  Time since last request: 10.903776 seconds.
  path: Assets/Scripts/HamburgerDoor.cs
  artifactKey: Guid(c9814f62cbf087a459bbe1a24af1c199) Importer(815301076,1909f56bfc062723c751e8b465ee728b)
Start importing Assets/Scripts/HamburgerDoor.cs using Guid(c9814f62cbf087a459bbe1a24af1c199) Importer(815301076,1909f56bfc062723c751e8b465ee728b)  -> (artifact id: 'cf2be830e5257cc8c4e24c5a1be74cb4') in 0.006165 seconds
  Import took 0.008874 seconds .

========================================================================
Received Import Request.
  Time since last request: 9.235103 seconds.
  path: Assets/Scripts/Chocolate.cs
  artifactKey: Guid(bb04a3daceb2fc54bb79feec25f9d45f) Importer(815301076,1909f56bfc062723c751e8b465ee728b)
Start importing Assets/Scripts/Chocolate.cs using Guid(bb04a3daceb2fc54bb79feec25f9d45f) Importer(815301076,1909f56bfc062723c751e8b465ee728b)  -> (artifact id: '825a7dcaa34be421e34197230cd9b153') in 0.006453 seconds
  Import took 0.009319 seconds .

========================================================================
Received Import Request.
  Time since last request: 7.955387 seconds.
  path: Assets/Scripts/VanillaDoor.cs
  artifactKey: Guid(64faaeb5026fd9a42b209e642709c490) Importer(815301076,1909f56bfc062723c751e8b465ee728b)
Start importing Assets/Scripts/VanillaDoor.cs using Guid(64faaeb5026fd9a42b209e642709c490) Importer(815301076,1909f56bfc062723c751e8b465ee728b)  -> (artifact id: '6add21ded9715e81ef39ef927bff8b65') in 0.006974 seconds
  Import took 0.009697 seconds .

========================================================================
Received Import Request.
  Time since last request: 8.327050 seconds.
  path: Assets/Scripts/ChocolateDoor.cs
  artifactKey: Guid(bb04a3daceb2fc54bb79feec25f9d45f) Importer(815301076,1909f56bfc062723c751e8b465ee728b)
Start importing Assets/Scripts/ChocolateDoor.cs using Guid(bb04a3daceb2fc54bb79feec25f9d45f) Importer(815301076,1909f56bfc062723c751e8b465ee728b)  -> (artifact id: '0bc9c607ee933586ea7e1c0bcab32baa') in 0.005867 seconds
  Import took 0.008594 seconds .

========================================================================
Received Import Request.
  Time since last request: 10.807697 seconds.
  path: Assets/Scripts/FlowersDoor.cs
  artifactKey: Guid(399d1e4b5a25d85478a50cf4db48b6ed) Importer(815301076,1909f56bfc062723c751e8b465ee728b)
Start importing Assets/Scripts/FlowersDoor.cs using Guid(399d1e4b5a25d85478a50cf4db48b6ed) Importer(815301076,1909f56bfc062723c751e8b465ee728b)  -> (artifact id: 'b241f138c5aa240b36c1b7593b9e8beb') in 0.006864 seconds
  Import took 0.009657 seconds .

========================================================================
Received Import Request.
  Time since last request: 8.128041 seconds.
  path: Assets/Scripts/MushroomsDoor.cs
  artifactKey: Guid(0b687f09e89cb8741bd59a311e1c65ac) Importer(815301076,1909f56bfc062723c751e8b465ee728b)
Start importing Assets/Scripts/MushroomsDoor.cs using Guid(0b687f09e89cb8741bd59a311e1c65ac) Importer(815301076,1909f56bfc062723c751e8b465ee728b)  -> (artifact id: 'f4d80f4a53c5c113268d7c3031eab227') in 0.005479 seconds
  Import took 0.008171 seconds .

========================================================================
Received Prepare
Registering precompiled user dll's ...
Registered in 0.000596 seconds.
Begin MonoManager ReloadAssembly
Native extension for LinuxStandalone target not found
Native extension for WindowsStandalone target not found
Native extension for WebGL target not found
Refreshing native plugins compatible for Editor in 0.40 ms, found 0 plugins.
Preloading 0 native plugins for Editor in 0.00 ms.
Invoked RoslynAnalysisRunner static constructor.
RoslynAnalysisRunner will not be running.
RoslynAnalysisRunner has terminated.
Mono: successfully reloaded assembly
- Completed reload, in  0.693 seconds
Platform modules already initialized, skipping
Refreshing native plugins compatible for Editor in 0.52 ms, found 0 plugins.
Preloading 0 native plugins for Editor in 0.00 ms.
Unloading 1645 Unused Serialized files (Serialized files now loaded: 0)
System memory in use before: 93.7 MB.
System memory in use after: 93.8 MB.

Unloading 6 unused Assets to reduce memory usage. Loaded Objects now: 2188.
Total: 1.991400 ms (FindLiveObjects: 0.244900 ms CreateObjectMapping: 0.039000 ms MarkObjects: 1.650100 ms  DeleteObjects: 0.056200 ms)

========================================================================
Received Import Request.
  Time since last request: 102.022379 seconds.
  path: Assets/Scripts/VanillaDoor.cs
  artifactKey: Guid(64faaeb5026fd9a42b209e642709c490) Importer(815301076,1909f56bfc062723c751e8b465ee728b)
Start importing Assets/Scripts/VanillaDoor.cs using Guid(64faaeb5026fd9a42b209e642709c490) Importer(815301076,1909f56bfc062723c751e8b465ee728b)  -> (artifact id: '969e6e63e2799730e706e8449f55a322') in 0.005458 seconds
  Import took 0.008166 seconds .

========================================================================
Received Prepare
Registering precompiled user dll's ...
Registered in 0.000658 seconds.
Begin MonoManager ReloadAssembly
Native extension for LinuxStandalone target not found
Native extension for WindowsStandalone target not found
Native extension for WebGL target not found
Refreshing native plugins compatible for Editor in 0.39 ms, found 0 plugins.
Preloading 0 native plugins for Editor in 0.00 ms.
Invoked RoslynAnalysisRunner static constructor.
RoslynAnalysisRunner will not be running.
RoslynAnalysisRunner has terminated.
Mono: successfully reloaded assembly
- Completed reload, in  0.655 seconds
Platform modules already initialized, skipping
Refreshing native plugins compatible for Editor in 0.40 ms, found 0 plugins.
Preloading 0 native plugins for Editor in 0.00 ms.
Unloading 1645 Unused Serialized files (Serialized files now loaded: 0)
System memory in use before: 93.6 MB.
System memory in use after: 93.7 MB.

Unloading 6 unused Assets to reduce memory usage. Loaded Objects now: 2190.
Total: 2.243900 ms (FindLiveObjects: 0.226800 ms CreateObjectMapping: 0.040700 ms MarkObjects: 1.922600 ms  DeleteObjects: 0.052400 ms)

========================================================================
Received Import Request.
  Time since last request: 902.987363 seconds.
  path: Assets/Scenes/GameWin.unity
  artifactKey: Guid(2442429abfd14e54894b6109073648b8) Importer(815301076,1909f56bfc062723c751e8b465ee728b)
Start importing Assets/Scenes/GameWin.unity using Guid(2442429abfd14e54894b6109073648b8) Importer(815301076,1909f56bfc062723c751e8b465ee728b)  -> (artifact id: '4b5bdd93309bf6f758e85cf82ddfff97') in 0.013272 seconds
  Import took 0.016178 seconds .

========================================================================
Received Prepare
Registering precompiled user dll's ...
Registered in 0.000606 seconds.
Begin MonoManager ReloadAssembly
Native extension for LinuxStandalone target not found
Native extension for WindowsStandalone target not found
Native extension for WebGL target not found
Refreshing native plugins compatible for Editor in 0.36 ms, found 0 plugins.
Preloading 0 native plugins for Editor in 0.00 ms.
Invoked RoslynAnalysisRunner static constructor.
RoslynAnalysisRunner will not be running.
RoslynAnalysisRunner has terminated.
Mono: successfully reloaded assembly
- Completed reload, in  0.654 seconds
Platform modules already initialized, skipping
Refreshing native plugins compatible for Editor in 0.37 ms, found 0 plugins.
Preloading 0 native plugins for Editor in 0.00 ms.
Unloading 1645 Unused Serialized files (Serialized files now loaded: 0)
System memory in use before: 93.7 MB.
System memory in use after: 93.8 MB.

Unloading 6 unused Assets to reduce memory usage. Loaded Objects now: 2192.
Total: 2.056100 ms (FindLiveObjects: 0.221700 ms CreateObjectMapping: 0.041700 ms MarkObjects: 1.741300 ms  DeleteObjects: 0.050200 ms)

========================================================================
Received Prepare
Registering precompiled user dll's ...
Registered in 0.000518 seconds.
Begin MonoManager ReloadAssembly
Native extension for LinuxStandalone target not found
Native extension for WindowsStandalone target not found
Native extension for WebGL target not found
Refreshing native plugins compatible for Editor in 0.36 ms, found 0 plugins.
Preloading 0 native plugins for Editor in 0.00 ms.
Invoked RoslynAnalysisRunner static constructor.
RoslynAnalysisRunner will not be running.
RoslynAnalysisRunner has terminated.
Mono: successfully reloaded assembly
- Completed reload, in  0.641 seconds
Platform modules already initialized, skipping
Refreshing native plugins compatible for Editor in 0.38 ms, found 0 plugins.
Preloading 0 native plugins for Editor in 0.00 ms.
Unloading 1645 Unused Serialized files (Serialized files now loaded: 0)
System memory in use before: 93.7 MB.
System memory in use after: 93.8 MB.

Unloading 6 unused Assets to reduce memory usage. Loaded Objects now: 2194.
Total: 1.931800 ms (FindLiveObjects: 0.272800 ms CreateObjectMapping: 0.041700 ms MarkObjects: 1.569500 ms  DeleteObjects: 0.047200 ms)

========================================================================
Received Import Request.
  Time since last request: 213.637056 seconds.
  path: Assets/Scenes/Game.unity
  artifactKey: Guid(4a59801a79b450e43a3203b64d3b443d) Importer(815301076,1909f56bfc062723c751e8b465ee728b)
Start importing Assets/Scenes/Game.unity using Guid(4a59801a79b450e43a3203b64d3b443d) Importer(815301076,1909f56bfc062723c751e8b465ee728b)  -> (artifact id: 'e49c7d8f84b56b7ee4c28133bb8425ca') in 0.013353 seconds
  Import took 0.016369 seconds .

========================================================================
Received Prepare
Refreshing native plugins compatible for Editor in 0.95 ms, found 0 plugins.
Preloading 0 native plugins for Editor in 0.00 ms.
Unloading 3 Unused Serialized files (Serialized files now loaded: 0)
System memory in use before: 61.1 MB.
System memory in use after: 61.2 MB.

Unloading 3 unused Assets to reduce memory usage. Loaded Objects now: 2194.
Total: 2.796300 ms (FindLiveObjects: 0.234900 ms CreateObjectMapping: 0.036600 ms MarkObjects: 2.459100 ms  DeleteObjects: 0.064700 ms)

AssetImportWorkerClient::OnTransportError - code=2 error=End of file
